<?xml version="1.0" encoding="UTF-8"?>
<!-- Generated by org.testng.reporters.JUnitXMLReporter -->
<testsuite hostname="DESKTOP-HULQI6A" ignored="0" name="Test" tests="10" failures="0" timestamp="2021-09-26T13:50:27 IST" time="178.736" errors="0">
  <testcase name="login" time="36.699" classname="runner.comprehensive"/>
  <testcase name="select" time="6.73" classname="runner.comprehensive"/>
  <testcase name="Track" time="13.642" classname="runner.comprehensive"/>
  <testcase name="store" time="17.559" classname="runner.comprehensive"/>
  <testcase name="sale" time="10.442" classname="runner.comprehensive"/>
  <testcase name="help" time="1.96" classname="runner.comprehensive"/>
  <testcase name="Dining" time="7.414" classname="runner.comprehensive"/>
  <testcase name="Collection" time="37.903" classname="runner.comprehensive"/>
  <testcase name="kidroom" time="23.196" classname="runner.comprehensive"/>
  <testcase name="gift" time="5.077" classname="runner.comprehensive"/>
</testsuite> <!-- Test -->
